13:11:09 **** Build of configuration Nios II for project miniproject1 ****
make all 
Info: Building ../miniproject1_bsp/
C:/intelFPGA_lite/18.1/nios2eds/bin/gnu/H-x86_64-mingw32/bin/make --no-print-directory -C ../miniproject1_bsp/
[BSP build complete]
Info: Compiling hello_world.c to obj/default/hello_world.o
nios2-elf-gcc -xc -MP -MMD -c -I../miniproject1_bsp//HAL/inc -I../miniproject1_bsp/ -I../miniproject1_bsp//drivers/inc  -pipe -D__hal__ -DALT_NO_INSTRUCTION_EMULATION -DALT_SINGLE_THREADED    -O0 -g -Wall   -mno-hw-div -mno-hw-mul -mno-hw-mulx -mgpopt=global  -o obj/default/hello_world.o hello_world.c
hello_world.c: In function 'SendCommand':
hello_world.c:18:2: warning: implicit declaration of function 'delay_ms' [-Wimplicit-function-declaration]
  delay_ms(100);
  ^
hello_world.c: In function 'adc':
hello_world.c:54:10: warning: initialization discards 'volatile' qualifier from pointer target type [-Wdiscarded-qualifiers]
   int *p=&ADC;
          ^
hello_world.c:57:5: warning: assignment discards 'volatile' qualifier from pointer target type [-Wdiscarded-qualifiers]
    p=&ADC;
     ^
hello_world.c:63:4: warning: implicit declaration of function 'division' [-Wimplicit-function-declaration]
    division(t,&c,&d,&e,&f);
    ^
hello_world.c: At top level:
hello_world.c:79:6: warning: conflicting types for 'delay_ms'
 void delay_ms(int a)
      ^
hello_world.c:18:2: note: previous implicit declaration of 'delay_ms' was here
  delay_ms(100);
  ^
hello_world.c: In function 'division':
hello_world.c:98:1: warning: control reaches end of non-void function [-Wreturn-type]
 }
 ^
Info: Linking miniproject1.elf
nios2-elf-g++  -T'../miniproject1_bsp//linker.x' -msys-crt0='../miniproject1_bsp//obj/HAL/src/crt0.o' -msys-lib=hal_bsp -L../miniproject1_bsp/   -Wl,-Map=miniproject1.map   -O0 -g -Wall   -mno-hw-div -mno-hw-mul -mno-hw-mulx -mgpopt=global  -o miniproject1.elf obj/default/hello_world.o -lm -msys-lib=m
nios2-elf-insert miniproject1.elf --thread_model hal --cpu_name nios2_gen2_0 --qsys true --simulation_enabled false --id 67637392 --sidp 0x4081090 --timestamp 1619064928 --stderr_dev jtag_uart_0 --stdin_dev jtag_uart_0 --stdout_dev jtag_uart_0 --sopc_system_name niosiisystem --quartus_project_dir "F:/FPGA/Miniproject" --jdi F:/FPGA/Miniproject/software/miniproject1_bsp/../../Miniproject.jdi --sopcinfo F:/FPGA/Miniproject/software/miniproject1_bsp/../../niosiisystem.sopcinfo
Info: (miniproject1.elf) 74 KBytes program size (code + initialized data).
Info:                    65527 KBytes free for stack + heap.
Info: Creating miniproject1.objdump
nios2-elf-objdump --disassemble --syms --all-header --source miniproject1.elf >miniproject1.objdump
[miniproject1 build complete]
13:11:47 **** Build of configuration Nios II for project miniproject1 ****
make all 
Info: Building ../miniproject1_bsp/
C:/intelFPGA_lite/18.1/nios2eds/bin/gnu/H-x86_64-mingw32/bin/make --no-print-directory -C ../miniproject1_bsp/
[BSP build complete]
[miniproject1 build complete]
13:12:27 **** Incremental Build of configuration Nios II for project miniproject1 ****
make all 
Info: Building ../miniproject1_bsp/
C:/intelFPGA_lite/18.1/nios2eds/bin/gnu/H-x86_64-mingw32/bin/make --no-print-directory -C ../miniproject1_bsp/
[BSP build complete]
Info: Compiling hello_world.c to obj/default/hello_world.o
nios2-elf-gcc -xc -MP -MMD -c -I../miniproject1_bsp//HAL/inc -I../miniproject1_bsp/ -I../miniproject1_bsp//drivers/inc  -pipe -D__hal__ -DALT_NO_INSTRUCTION_EMULATION -DALT_SINGLE_THREADED    -O0 -g -Wall   -mno-hw-div -mno-hw-mul -mno-hw-mulx -mgpopt=global  -o obj/default/hello_world.o hello_world.c
hello_world.c: In function 'SendCommand':
hello_world.c:18:2: warning: implicit declaration of function 'delay_ms' [-Wimplicit-function-declaration]
  delay_ms(100);
  ^
hello_world.c: In function 'adc':
hello_world.c:54:10: warning: initialization discards 'volatile' qualifier from pointer target type [-Wdiscarded-qualifiers]
   int *p=&ADC;
          ^
hello_world.c:57:5: warning: assignment discards 'volatile' qualifier from pointer target type [-Wdiscarded-qualifiers]
    p=&ADC;
     ^
hello_world.c:63:4: warning: implicit declaration of function 'division' [-Wimplicit-function-declaration]
    division(t,&c,&d,&e,&f);
    ^
hello_world.c: At top level:
hello_world.c:79:6: warning: conflicting types for 'delay_ms'
 void delay_ms(int a)
      ^
hello_world.c:18:2: note: previous implicit declaration of 'delay_ms' was here
  delay_ms(100);
  ^
hello_world.c: In function 'main':
hello_world.c:112:21: warning: statement with no effect [-Wunused-value]
      SendData(v[i]);0
                     ^
hello_world.c:113:2: error: expected ';' before '}' token
  }
  ^
hello_world.c: In function 'division':
hello_world.c:98:1: warning: control reaches end of non-void function [-Wreturn-type]
 }
 ^
make: *** [obj/default/hello_world.o] Error 1
13:12:42 **** Incremental Build of configuration Nios II for project miniproject1 ****
make all 
Info: Building ../miniproject1_bsp/
C:/intelFPGA_lite/18.1/nios2eds/bin/gnu/H-x86_64-mingw32/bin/make --no-print-directory -C ../miniproject1_bsp/
[BSP build complete]
Info: Compiling hello_world.c to obj/default/hello_world.o
nios2-elf-gcc -xc -MP -MMD -c -I../miniproject1_bsp//HAL/inc -I../miniproject1_bsp/ -I../miniproject1_bsp//drivers/inc  -pipe -D__hal__ -DALT_NO_INSTRUCTION_EMULATION -DALT_SINGLE_THREADED    -O0 -g -Wall   -mno-hw-div -mno-hw-mul -mno-hw-mulx -mgpopt=global  -o obj/default/hello_world.o hello_world.c
hello_world.c: In function 'SendCommand':
hello_world.c:18:2: warning: implicit declaration of function 'delay_ms' [-Wimplicit-function-declaration]
  delay_ms(100);
  ^
hello_world.c: In function 'adc':
hello_world.c:54:10: warning: initialization discards 'volatile' qualifier from pointer target type [-Wdiscarded-qualifiers]
   int *p=&ADC;
          ^
hello_world.c:57:5: warning: assignment discards 'volatile' qualifier from pointer target type [-Wdiscarded-qualifiers]
    p=&ADC;
     ^
hello_world.c:63:4: warning: implicit declaration of function 'division' [-Wimplicit-function-declaration]
    division(t,&c,&d,&e,&f);
    ^
hello_world.c: At top level:
hello_world.c:79:6: warning: conflicting types for 'delay_ms'
 void delay_ms(int a)
      ^
hello_world.c:18:2: note: previous implicit declaration of 'delay_ms' was here
  delay_ms(100);
  ^
hello_world.c: In function 'division':
hello_world.c:98:1: warning: control reaches end of non-void function [-Wreturn-type]
 }
 ^
Info: Linking miniproject1.elf
nios2-elf-g++  -T'../miniproject1_bsp//linker.x' -msys-crt0='../miniproject1_bsp//obj/HAL/src/crt0.o' -msys-lib=hal_bsp -L../miniproject1_bsp/   -Wl,-Map=miniproject1.map   -O0 -g -Wall   -mno-hw-div -mno-hw-mul -mno-hw-mulx -mgpopt=global  -o miniproject1.elf obj/default/hello_world.o -lm -msys-lib=m
nios2-elf-insert miniproject1.elf --thread_model hal --cpu_name nios2_gen2_0 --qsys true --simulation_enabled false --id 67637392 --sidp 0x4081090 --timestamp 1619064928 --stderr_dev jtag_uart_0 --stdin_dev jtag_uart_0 --stdout_dev jtag_uart_0 --sopc_system_name niosiisystem --quartus_project_dir "F:/FPGA/Miniproject" --jdi F:/FPGA/Miniproject/software/miniproject1_bsp/../../Miniproject.jdi --sopcinfo F:/FPGA/Miniproject/software/miniproject1_bsp/../../niosiisystem.sopcinfo
Info: (miniproject1.elf) 74 KBytes program size (code + initialized data).
Info:                    65527 KBytes free for stack + heap.
Info: Creating miniproject1.objdump
nios2-elf-objdump --disassemble --syms --all-header --source miniproject1.elf >miniproject1.objdump
[miniproject1 build complete]
14:13:33 **** Incremental Build of configuration Nios II for project miniproject1 ****
make all 
Info: Building ../miniproject1_bsp/
C:/intelFPGA_lite/18.1/nios2eds/bin/gnu/H-x86_64-mingw32/bin/make --no-print-directory -C ../miniproject1_bsp/
[BSP build complete]
[miniproject1 build complete]
14:45:51 **** Incremental Build of configuration Nios II for project miniproject1 ****
make all 
Info: Building ../miniproject1_bsp/
C:/intelFPGA_lite/18.1/nios2eds/bin/gnu/H-x86_64-mingw32/bin/make --no-print-directory -C ../miniproject1_bsp/
[BSP build complete]
Info: Compiling hello_world.c to obj/default/hello_world.o
nios2-elf-gcc -xc -MP -MMD -c -I../miniproject1_bsp//HAL/inc -I../miniproject1_bsp/ -I../miniproject1_bsp//drivers/inc  -pipe -D__hal__ -DALT_NO_INSTRUCTION_EMULATION -DALT_SINGLE_THREADED    -O0 -g -Wall   -mno-hw-div -mno-hw-mul -mno-hw-mulx -mgpopt=global  -o obj/default/hello_world.o hello_world.c
hello_world.c: In function 'SendCommand':
hello_world.c:18:2: warning: implicit declaration of function 'delay_ms' [-Wimplicit-function-declaration]
  delay_ms(100);
  ^
hello_world.c: In function 'adc':
hello_world.c:54:10: warning: initialization discards 'volatile' qualifier from pointer target type [-Wdiscarded-qualifiers]
   int *p=&ADC;
          ^
hello_world.c:57:5: warning: assignment discards 'volatile' qualifier from pointer target type [-Wdiscarded-qualifiers]
    p=&ADC;
     ^
hello_world.c:63:4: warning: implicit declaration of function 'division' [-Wimplicit-function-declaration]
    division(t,&c,&d,&e,&f);
    ^
hello_world.c: At top level:
hello_world.c:79:6: warning: conflicting types for 'delay_ms'
 void delay_ms(int a)
      ^
hello_world.c:18:2: note: previous implicit declaration of 'delay_ms' was here
  delay_ms(100);
  ^
hello_world.c: In function 'division':
hello_world.c:98:1: warning: control reaches end of non-void function [-Wreturn-type]
 }
 ^
Info: Linking miniproject1.elf
nios2-elf-g++  -T'../miniproject1_bsp//linker.x' -msys-crt0='../miniproject1_bsp//obj/HAL/src/crt0.o' -msys-lib=hal_bsp -L../miniproject1_bsp/   -Wl,-Map=miniproject1.map   -O0 -g -Wall   -mno-hw-div -mno-hw-mul -mno-hw-mulx -mgpopt=global  -o miniproject1.elf obj/default/hello_world.o -lm -msys-lib=m
nios2-elf-insert miniproject1.elf --thread_model hal --cpu_name nios2_gen2_0 --qsys true --simulation_enabled false --id 67637392 --sidp 0x4081090 --timestamp 1619064928 --stderr_dev jtag_uart_0 --stdin_dev jtag_uart_0 --stdout_dev jtag_uart_0 --sopc_system_name niosiisystem --quartus_project_dir "F:/FPGA/Miniproject" --jdi F:/FPGA/Miniproject/software/miniproject1_bsp/../../Miniproject.jdi --sopcinfo F:/FPGA/Miniproject/software/miniproject1_bsp/../../niosiisystem.sopcinfo
Info: (miniproject1.elf) 74 KBytes program size (code + initialized data).
Info:                    65527 KBytes free for stack + heap.
Info: Creating miniproject1.objdump
nios2-elf-objdump --disassemble --syms --all-header --source miniproject1.elf >miniproject1.objdump
[miniproject1 build complete]
14:47:01 **** Incremental Build of configuration Nios II for project miniproject1 ****
make all 
Info: Building ../miniproject1_bsp/
C:/intelFPGA_lite/18.1/nios2eds/bin/gnu/H-x86_64-mingw32/bin/make --no-print-directory -C ../miniproject1_bsp/
[BSP build complete]
Info: Compiling hello_world.c to obj/default/hello_world.o
nios2-elf-gcc -xc -MP -MMD -c -I../miniproject1_bsp//HAL/inc -I../miniproject1_bsp/ -I../miniproject1_bsp//drivers/inc  -pipe -D__hal__ -DALT_NO_INSTRUCTION_EMULATION -DALT_SINGLE_THREADED    -O0 -g -Wall   -mno-hw-div -mno-hw-mul -mno-hw-mulx -mgpopt=global  -o obj/default/hello_world.o hello_world.c
hello_world.c: In function 'SendCommand':
hello_world.c:18:2: warning: implicit declaration of function 'delay_ms' [-Wimplicit-function-declaration]
  delay_ms(100);
  ^
hello_world.c: In function 'adc':
hello_world.c:54:10: warning: initialization discards 'volatile' qualifier from pointer target type [-Wdiscarded-qualifiers]
   int *p=&ADC;
          ^
hello_world.c:57:5: warning: assignment discards 'volatile' qualifier from pointer target type [-Wdiscarded-qualifiers]
    p=&ADC;
     ^
hello_world.c:63:4: warning: implicit declaration of function 'division' [-Wimplicit-function-declaration]
    division(t,&c,&d,&e,&f);
    ^
hello_world.c: At top level:
hello_world.c:79:6: warning: conflicting types for 'delay_ms'
 void delay_ms(int a)
      ^
hello_world.c:18:2: note: previous implicit declaration of 'delay_ms' was here
  delay_ms(100);
  ^
hello_world.c: In function 'division':
hello_world.c:98:1: warning: control reaches end of non-void function [-Wreturn-type]
 }
 ^
Info: Linking miniproject1.elf
nios2-elf-g++  -T'../miniproject1_bsp//linker.x' -msys-crt0='../miniproject1_bsp//obj/HAL/src/crt0.o' -msys-lib=hal_bsp -L../miniproject1_bsp/   -Wl,-Map=miniproject1.map   -O0 -g -Wall   -mno-hw-div -mno-hw-mul -mno-hw-mulx -mgpopt=global  -o miniproject1.elf obj/default/hello_world.o -lm -msys-lib=m
nios2-elf-insert miniproject1.elf --thread_model hal --cpu_name nios2_gen2_0 --qsys true --simulation_enabled false --id 67637392 --sidp 0x4081090 --timestamp 1619064928 --stderr_dev jtag_uart_0 --stdin_dev jtag_uart_0 --stdout_dev jtag_uart_0 --sopc_system_name niosiisystem --quartus_project_dir "F:/FPGA/Miniproject" --jdi F:/FPGA/Miniproject/software/miniproject1_bsp/../../Miniproject.jdi --sopcinfo F:/FPGA/Miniproject/software/miniproject1_bsp/../../niosiisystem.sopcinfo
Info: (miniproject1.elf) 74 KBytes program size (code + initialized data).
Info:                    65527 KBytes free for stack + heap.
Info: Creating miniproject1.objdump
nios2-elf-objdump --disassemble --syms --all-header --source miniproject1.elf >miniproject1.objdump
[miniproject1 build complete]
14:50:32 **** Incremental Build of configuration Nios II for project miniproject1 ****
make all 
Info: Building ../miniproject1_bsp/
C:/intelFPGA_lite/18.1/nios2eds/bin/gnu/H-x86_64-mingw32/bin/make --no-print-directory -C ../miniproject1_bsp/
[BSP build complete]
Info: Compiling hello_world.c to obj/default/hello_world.o
nios2-elf-gcc -xc -MP -MMD -c -I../miniproject1_bsp//HAL/inc -I../miniproject1_bsp/ -I../miniproject1_bsp//drivers/inc  -pipe -D__hal__ -DALT_NO_INSTRUCTION_EMULATION -DALT_SINGLE_THREADED    -O0 -g -Wall   -mno-hw-div -mno-hw-mul -mno-hw-mulx -mgpopt=global  -o obj/default/hello_world.o hello_world.c
hello_world.c: In function 'SendCommand':
hello_world.c:18:2: warning: implicit declaration of function 'delay_ms' [-Wimplicit-function-declaration]
  delay_ms(100);
  ^
hello_world.c: In function 'adc':
hello_world.c:54:10: warning: initialization discards 'volatile' qualifier from pointer target type [-Wdiscarded-qualifiers]
   int *p=&ADC;
          ^
hello_world.c:57:5: warning: assignment discards 'volatile' qualifier from pointer target type [-Wdiscarded-qualifiers]
    p=&ADC;
     ^
hello_world.c:63:4: warning: implicit declaration of function 'division' [-Wimplicit-function-declaration]
    division(t,&c,&d,&e,&f);
    ^
hello_world.c: At top level:
hello_world.c:79:6: warning: conflicting types for 'delay_ms'
 void delay_ms(int a)
      ^
hello_world.c:18:2: note: previous implicit declaration of 'delay_ms' was here
  delay_ms(100);
  ^
hello_world.c: In function 'division':
hello_world.c:98:1: warning: control reaches end of non-void function [-Wreturn-type]
 }
 ^
Info: Linking miniproject1.elf
nios2-elf-g++  -T'../miniproject1_bsp//linker.x' -msys-crt0='../miniproject1_bsp//obj/HAL/src/crt0.o' -msys-lib=hal_bsp -L../miniproject1_bsp/   -Wl,-Map=miniproject1.map   -O0 -g -Wall   -mno-hw-div -mno-hw-mul -mno-hw-mulx -mgpopt=global  -o miniproject1.elf obj/default/hello_world.o -lm -msys-lib=m
nios2-elf-insert miniproject1.elf --thread_model hal --cpu_name nios2_gen2_0 --qsys true --simulation_enabled false --id 67637392 --sidp 0x4081090 --timestamp 1619064928 --stderr_dev jtag_uart_0 --stdin_dev jtag_uart_0 --stdout_dev jtag_uart_0 --sopc_system_name niosiisystem --quartus_project_dir "F:/FPGA/Miniproject" --jdi F:/FPGA/Miniproject/software/miniproject1_bsp/../../Miniproject.jdi --sopcinfo F:/FPGA/Miniproject/software/miniproject1_bsp/../../niosiisystem.sopcinfo
Info: (miniproject1.elf) 74 KBytes program size (code + initialized data).
Info:                    65527 KBytes free for stack + heap.
Info: Creating miniproject1.objdump
nios2-elf-objdump --disassemble --syms --all-header --source miniproject1.elf >miniproject1.objdump
[miniproject1 build complete]
14:51:05 **** Incremental Build of configuration Nios II for project miniproject1 ****
make all 
Info: Building ../miniproject1_bsp/
C:/intelFPGA_lite/18.1/nios2eds/bin/gnu/H-x86_64-mingw32/bin/make --no-print-directory -C ../miniproject1_bsp/
[BSP build complete]
Info: Compiling hello_world.c to obj/default/hello_world.o
nios2-elf-gcc -xc -MP -MMD -c -I../miniproject1_bsp//HAL/inc -I../miniproject1_bsp/ -I../miniproject1_bsp//drivers/inc  -pipe -D__hal__ -DALT_NO_INSTRUCTION_EMULATION -DALT_SINGLE_THREADED    -O0 -g -Wall   -mno-hw-div -mno-hw-mul -mno-hw-mulx -mgpopt=global  -o obj/default/hello_world.o hello_world.c
hello_world.c: In function 'SendCommand':
hello_world.c:18:2: warning: implicit declaration of function 'delay_ms' [-Wimplicit-function-declaration]
  delay_ms(40);
  ^
hello_world.c: In function 'adc':
hello_world.c:54:10: warning: initialization discards 'volatile' qualifier from pointer target type [-Wdiscarded-qualifiers]
   int *p=&ADC;
          ^
hello_world.c:57:5: warning: assignment discards 'volatile' qualifier from pointer target type [-Wdiscarded-qualifiers]
    p=&ADC;
     ^
hello_world.c:63:4: warning: implicit declaration of function 'division' [-Wimplicit-function-declaration]
    division(t,&c,&d,&e,&f);
    ^
hello_world.c: At top level:
hello_world.c:79:6: warning: conflicting types for 'delay_ms'
 void delay_ms(int a)
      ^
hello_world.c:18:2: note: previous implicit declaration of 'delay_ms' was here
  delay_ms(40);
  ^
hello_world.c: In function 'division':
hello_world.c:98:1: warning: control reaches end of non-void function [-Wreturn-type]
 }
 ^
Info: Linking miniproject1.elf
nios2-elf-g++  -T'../miniproject1_bsp//linker.x' -msys-crt0='../miniproject1_bsp//obj/HAL/src/crt0.o' -msys-lib=hal_bsp -L../miniproject1_bsp/   -Wl,-Map=miniproject1.map   -O0 -g -Wall   -mno-hw-div -mno-hw-mul -mno-hw-mulx -mgpopt=global  -o miniproject1.elf obj/default/hello_world.o -lm -msys-lib=m
nios2-elf-insert miniproject1.elf --thread_model hal --cpu_name nios2_gen2_0 --qsys true --simulation_enabled false --id 67637392 --sidp 0x4081090 --timestamp 1619064928 --stderr_dev jtag_uart_0 --stdin_dev jtag_uart_0 --stdout_dev jtag_uart_0 --sopc_system_name niosiisystem --quartus_project_dir "F:/FPGA/Miniproject" --jdi F:/FPGA/Miniproject/software/miniproject1_bsp/../../Miniproject.jdi --sopcinfo F:/FPGA/Miniproject/software/miniproject1_bsp/../../niosiisystem.sopcinfo
Info: (miniproject1.elf) 74 KBytes program size (code + initialized data).
Info:                    65527 KBytes free for stack + heap.
Info: Creating miniproject1.objdump
nios2-elf-objdump --disassemble --syms --all-header --source miniproject1.elf >miniproject1.objdump
[miniproject1 build complete]
14:51:19 **** Incremental Build of configuration Nios II for project miniproject1 ****
make all 
Info: Building ../miniproject1_bsp/
C:/intelFPGA_lite/18.1/nios2eds/bin/gnu/H-x86_64-mingw32/bin/make --no-print-directory -C ../miniproject1_bsp/
[BSP build complete]
[miniproject1 build complete]
15:00:29 **** Incremental Build of configuration Nios II for project miniproject1 ****
make all 
Info: Building ../miniproject1_bsp/
C:/intelFPGA_lite/18.1/nios2eds/bin/gnu/H-x86_64-mingw32/bin/make --no-print-directory -C ../miniproject1_bsp/
[BSP build complete]
Info: Compiling hello_world.c to obj/default/hello_world.o
nios2-elf-gcc -xc -MP -MMD -c -I../miniproject1_bsp//HAL/inc -I../miniproject1_bsp/ -I../miniproject1_bsp//drivers/inc  -pipe -D__hal__ -DALT_NO_INSTRUCTION_EMULATION -DALT_SINGLE_THREADED    -O0 -g -Wall   -mno-hw-div -mno-hw-mul -mno-hw-mulx -mgpopt=global  -o obj/default/hello_world.o hello_world.c
hello_world.c: In function 'SendCommand':
hello_world.c:18:2: warning: implicit declaration of function 'delay_ms' [-Wimplicit-function-declaration]
  delay_ms(40);
  ^
hello_world.c: In function 'adc':
hello_world.c:54:10: warning: initialization discards 'volatile' qualifier from pointer target type [-Wdiscarded-qualifiers]
   int *p=&ADC;
          ^
hello_world.c:57:5: warning: assignment discards 'volatile' qualifier from pointer target type [-Wdiscarded-qualifiers]
    p=&ADC;
     ^
hello_world.c:63:4: warning: implicit declaration of function 'division' [-Wimplicit-function-declaration]
    division(t,&c,&d,&e,&f);
    ^
hello_world.c: At top level:
hello_world.c:79:6: warning: conflicting types for 'delay_ms'
 void delay_ms(int a)
      ^
hello_world.c:18:2: note: previous implicit declaration of 'delay_ms' was here
  delay_ms(40);
  ^
hello_world.c: In function 'division':
hello_world.c:98:1: warning: control reaches end of non-void function [-Wreturn-type]
 }
 ^
Info: Linking miniproject1.elf
nios2-elf-g++  -T'../miniproject1_bsp//linker.x' -msys-crt0='../miniproject1_bsp//obj/HAL/src/crt0.o' -msys-lib=hal_bsp -L../miniproject1_bsp/   -Wl,-Map=miniproject1.map   -O0 -g -Wall   -mno-hw-div -mno-hw-mul -mno-hw-mulx -mgpopt=global  -o miniproject1.elf obj/default/hello_world.o -lm -msys-lib=m
nios2-elf-insert miniproject1.elf --thread_model hal --cpu_name nios2_gen2_0 --qsys true --simulation_enabled false --id 67637392 --sidp 0x4081090 --timestamp 1619064928 --stderr_dev jtag_uart_0 --stdin_dev jtag_uart_0 --stdout_dev jtag_uart_0 --sopc_system_name niosiisystem --quartus_project_dir "F:/FPGA/Miniproject" --jdi F:/FPGA/Miniproject/software/miniproject1_bsp/../../Miniproject.jdi --sopcinfo F:/FPGA/Miniproject/software/miniproject1_bsp/../../niosiisystem.sopcinfo
Info: (miniproject1.elf) 74 KBytes program size (code + initialized data).
Info:                    65527 KBytes free for stack + heap.
Info: Creating miniproject1.objdump
nios2-elf-objdump --disassemble --syms --all-header --source miniproject1.elf >miniproject1.objdump
[miniproject1 build complete]
